  ga_parabolar.cpp
C:\Users\User\Documents\GitHub\2023SBSUnityNCS03\ga_parabolar\ga_parabolar.cpp(174,25): warning C4244: '=': 'double'에서 'T'(으)로 변환하면서 데이터가 손실될 수 있습니다.
          with
          [
              T=float
          ]
C:\Users\User\Documents\GitHub\2023SBSUnityNCS03\ga_parabolar\ga_parabolar.cpp(199,25): warning C4244: '인수': 'float'에서 'int32_t'(으)로 변환하면서 데이터가 손실될 수 있습니다.
C:\Users\User\Documents\GitHub\2023SBSUnityNCS03\ga_parabolar\ga_parabolar.cpp(218,24): warning C4244: '=': 'double'에서 'T'(으)로 변환하면서 데이터가 손실될 수 있습니다.
          with
          [
              T=float
          ]
C:\Users\User\Documents\GitHub\2023SBSUnityNCS03\ga_parabolar\ga_parabolar.cpp(226,22): warning C4244: '인수': 'int'에서 'const T'(으)로 변환하면서 데이터가 손실될 수 있습니다.
          with
          [
              T=float
          ]
C:\Users\User\Documents\GitHub\2023SBSUnityNCS03\ga_parabolar\ga_parabolar.cpp(226,27): warning C4244: '인수': 'int'에서 'const T'(으)로 변환하면서 데이터가 손실될 수 있습니다.
          with
          [
              T=float
          ]
C:\Users\User\Documents\GitHub\2023SBSUnityNCS03\ga_parabolar\ga_parabolar.cpp(226,48): warning C4244: '인수': 'int'에서 'const T'(으)로 변환하면서 데이터가 손실될 수 있습니다.
          with
          [
              T=float
          ]
C:\Users\User\Documents\GitHub\2023SBSUnityNCS03\ga_parabolar\ga_parabolar.cpp(228,21): warning C4244: '인수': 'float'에서 'int32_t'(으)로 변환하면서 데이터가 손실될 수 있습니다.
C:\Users\User\Documents\GitHub\2023SBSUnityNCS03\ga_parabolar\ga_parabolar.cpp(242,26): warning C4244: '인수': 'float'에서 'int32_t'(으)로 변환하면서 데이터가 손실될 수 있습니다.
  ga_parabolar.vcxproj -> C:\Users\User\Documents\GitHub\2023SBSUnityNCS03\ga_parabolar\x64\Debug\ga_parabolar.exe
